<?xml version="1.0" encoding="UTF-8"?>
<testsuite name="Exercise1Test" tests="2" skipped="0" failures="0" errors="0" timestamp="2019-04-05T01:36:26" hostname="DESKTOP-5KFV8OK" time="0.005">
  <properties/>
  <testcase name="test_getLowestCommonMultiples" classname="Exercise1Test" time="0.004"/>
  <testcase name="test_getLargestCommonDivisor" classname="Exercise1Test" time="0.0"/>
  <system-out><![CDATA[]]></system-out>
  <system-err><![CDATA[]]></system-err>
</testsuite>
