<?xml version="1.0" encoding="UTF-8"?>
<testsuite name="Exercise2Test" tests="2" skipped="0" failures="0" errors="0" timestamp="2019-04-05T01:36:26" hostname="DESKTOP-5KFV8OK" time="0.002">
  <properties/>
  <testcase name="test_totalDigits" classname="Exercise2Test" time="0.002"/>
  <testcase name="test_multiplicationDigits" classname="Exercise2Test" time="0.0"/>
  <system-out><![CDATA[]]></system-out>
  <system-err><![CDATA[]]></system-err>
</testsuite>
